TN:
SF:/home/aimachine/Desktop/projects/politico/index.js
FN:13,(anonymous_1)
FNF:1
FNH:1
FNDA:1,(anonymous_1)
DA:1,1
DA:2,1
DA:3,1
DA:5,1
DA:6,1
DA:8,1
DA:9,1
DA:11,1
DA:13,1
DA:14,1
DA:20,1
DA:21,1
LF:12
LH:12
BRDA:6,0,0,1
BRDA:6,0,1,1
BRF:2
BRH:2
end_of_record
TN:
SF:/home/aimachine/Desktop/projects/politico/controllers/offices.js
FN:6,(anonymous_1)
FNF:1
FNH:1
FNDA:2,(anonymous_1)
DA:1,1
DA:2,1
DA:3,1
DA:6,2
DA:8,2
DA:9,2
DA:10,1
DA:16,1
DA:21,1
DA:22,1
LF:10
LH:10
BRDA:9,0,0,1
BRDA:9,0,1,1
BRF:2
BRH:2
end_of_record
TN:
SF:/home/aimachine/Desktop/projects/politico/controllers/parties.js
FN:6,(anonymous_1)
FN:46,(anonymous_2)
FN:54,(anonymous_3)
FN:63,(anonymous_4)
FN:79,(anonymous_5)
FN:98,(anonymous_6)
FN:105,(anonymous_7)
FN:136,(anonymous_8)
FN:146,(anonymous_9)
FN:154,(anonymous_10)
FNF:10
FNH:10
FNDA:2,(anonymous_1)
FNDA:1,(anonymous_2)
FNDA:3,(anonymous_3)
FNDA:2,(anonymous_4)
FNDA:6,(anonymous_5)
FNDA:4,(anonymous_6)
FNDA:2,(anonymous_7)
FNDA:3,(anonymous_8)
FNDA:1,(anonymous_9)
FNDA:1,(anonymous_10)
DA:1,1
DA:2,1
DA:3,1
DA:6,2
DA:8,2
DA:9,2
DA:10,1
DA:26,1
DA:33,1
DA:34,1
DA:46,1
DA:47,1
DA:54,1
DA:56,3
DA:57,3
DA:58,1
DA:63,2
DA:64,2
DA:65,1
DA:70,1
DA:79,16
DA:81,6
DA:82,6
DA:83,1
DA:90,5
DA:91,5
DA:92,1
DA:98,4
DA:99,4
DA:100,2
DA:105,2
DA:106,2
DA:107,1
DA:113,1
DA:114,0
DA:120,1
DA:123,1
DA:124,1
DA:136,1
DA:138,3
DA:139,3
DA:140,1
DA:146,2
DA:147,2
DA:148,1
DA:154,1
DA:155,1
DA:156,1
DA:157,1
LF:49
LH:48
BRDA:9,0,0,1
BRDA:9,0,1,1
BRDA:57,1,0,1
BRDA:57,1,1,2
BRDA:64,2,0,1
BRDA:64,2,1,1
BRDA:82,3,0,1
BRDA:82,3,1,5
BRDA:91,4,0,1
BRDA:91,4,1,4
BRDA:99,5,0,2
BRDA:99,5,1,2
BRDA:106,6,0,1
BRDA:106,6,1,1
BRDA:113,7,0,0
BRDA:113,7,1,1
BRDA:139,8,0,1
BRDA:139,8,1,2
BRDA:147,9,0,1
BRDA:147,9,1,1
BRDA:155,10,0,1
BRDA:155,10,1,0
BRF:22
BRH:20
end_of_record
TN:
SF:/home/aimachine/Desktop/projects/politico/controllers/users.js
FN:6,(anonymous_1)
FN:18,(anonymous_2)
FNF:2
FNH:2
FNDA:4,(anonymous_1)
FNDA:3,(anonymous_2)
DA:1,1
DA:2,1
DA:3,1
DA:6,4
DA:8,4
DA:9,4
DA:10,1
DA:18,3
DA:19,3
DA:20,1
DA:26,2
DA:38,2
DA:39,2
LF:13
LH:13
BRDA:9,0,0,1
BRDA:9,0,1,3
BRDA:19,1,0,1
BRDA:19,1,1,2
BRF:4
BRH:4
end_of_record
TN:
SF:/home/aimachine/Desktop/projects/politico/middlewares/validation.js
FN:3,validateSignUp
FN:17,validateCreateParty
FN:26,validateEditParty
FN:33,validateCreateOffice
FNF:4
FNH:4
FNDA:4,validateSignUp
FNDA:2,validateCreateParty
FNDA:6,validateEditParty
FNDA:2,validateCreateOffice
DA:1,1
DA:4,4
DA:14,4
DA:18,2
DA:23,2
DA:27,6
DA:30,6
DA:34,2
DA:38,2
LF:9
LH:9
BRF:0
BRH:0
end_of_record
TN:
SF:/home/aimachine/Desktop/projects/politico/models/offices.js
FNF:0
FNH:0
DA:1,1
LF:1
LH:1
BRF:0
BRH:0
end_of_record
TN:
SF:/home/aimachine/Desktop/projects/politico/models/parties.js
FNF:0
FNH:0
DA:1,1
LF:1
LH:1
BRF:0
BRH:0
end_of_record
TN:
SF:/home/aimachine/Desktop/projects/politico/models/users.js
FNF:0
FNH:0
DA:1,1
LF:1
LH:1
BRF:0
BRH:0
end_of_record
TN:
SF:/home/aimachine/Desktop/projects/politico/routes/offices.js
FNF:0
FNH:0
DA:1,1
DA:2,1
DA:4,1
DA:6,1
LF:4
LH:4
BRF:0
BRH:0
end_of_record
TN:
SF:/home/aimachine/Desktop/projects/politico/routes/parties.js
FNF:0
FNH:0
DA:1,1
DA:2,1
DA:4,1
DA:6,1
DA:7,1
DA:8,1
DA:9,1
DA:10,1
LF:8
LH:8
BRF:0
BRH:0
end_of_record
TN:
SF:/home/aimachine/Desktop/projects/politico/routes/routes.js
FNF:0
FNH:0
DA:1,1
DA:2,1
DA:3,1
DA:4,1
DA:6,1
DA:8,1
DA:9,1
DA:10,1
LF:8
LH:8
BRF:0
BRH:0
end_of_record
TN:
SF:/home/aimachine/Desktop/projects/politico/routes/users.js
FNF:0
FNH:0
DA:1,1
DA:2,1
DA:4,1
DA:6,1
LF:4
LH:4
BRF:0
BRH:0
end_of_record
