TN:
SF:/home/aimachine/Desktop/projects/politico/index.js
FN:13,(anonymous_1)
FNF:1
FNH:1
FNDA:1,(anonymous_1)
DA:1,1
DA:2,1
DA:3,1
DA:5,1
DA:6,1
DA:8,1
DA:9,1
DA:11,1
DA:13,1
DA:14,1
DA:20,1
DA:21,1
LF:12
LH:12
BRDA:6,0,0,1
BRDA:6,0,1,1
BRF:2
BRH:2
end_of_record
TN:
SF:/home/aimachine/Desktop/projects/politico/controllers/parties.js
FN:6,(anonymous_1)
FN:46,(anonymous_2)
FN:54,(anonymous_3)
FN:63,(anonymous_4)
FNF:4
FNH:4
FNDA:2,(anonymous_1)
FNDA:1,(anonymous_2)
FNDA:2,(anonymous_3)
FNDA:2,(anonymous_4)
DA:1,1
DA:2,1
DA:3,1
DA:6,2
DA:8,2
DA:9,2
DA:10,1
DA:26,1
DA:33,1
DA:34,1
DA:46,1
DA:47,1
DA:54,1
DA:56,2
DA:57,2
DA:58,0
DA:63,2
DA:64,2
DA:65,1
DA:70,1
LF:20
LH:19
BRDA:9,0,0,1
BRDA:9,0,1,1
BRDA:57,1,0,0
BRDA:57,1,1,2
BRDA:64,2,0,1
BRDA:64,2,1,1
BRF:6
BRH:5
end_of_record
TN:
SF:/home/aimachine/Desktop/projects/politico/controllers/users.js
FN:6,(anonymous_1)
FN:18,(anonymous_2)
FNF:2
FNH:1
FNDA:2,(anonymous_1)
FNDA:0,(anonymous_2)
DA:1,1
DA:2,1
DA:3,1
DA:6,2
DA:8,2
DA:9,2
DA:10,1
DA:18,1
DA:19,1
DA:20,0
DA:26,1
DA:38,1
DA:39,1
LF:13
LH:12
BRDA:9,0,0,1
BRDA:9,0,1,1
BRDA:19,1,0,0
BRDA:19,1,1,1
BRF:4
BRH:3
end_of_record
TN:
SF:/home/aimachine/Desktop/projects/politico/middlewares/validation.js
FN:3,validateSignUp
FN:17,validateCreateParty
FNF:2
FNH:2
FNDA:2,validateSignUp
FNDA:2,validateCreateParty
DA:1,1
DA:4,2
DA:14,2
DA:18,2
DA:23,2
LF:5
LH:5
BRF:0
BRH:0
end_of_record
TN:
SF:/home/aimachine/Desktop/projects/politico/models/parties.js
FNF:0
FNH:0
DA:1,1
LF:1
LH:1
BRF:0
BRH:0
end_of_record
TN:
SF:/home/aimachine/Desktop/projects/politico/models/users.js
FNF:0
FNH:0
DA:1,1
LF:1
LH:1
BRF:0
BRH:0
end_of_record
TN:
SF:/home/aimachine/Desktop/projects/politico/routes/parties.js
FNF:0
FNH:0
DA:1,1
DA:2,1
DA:4,1
DA:6,1
DA:7,1
DA:8,1
LF:6
LH:6
BRF:0
BRH:0
end_of_record
TN:
SF:/home/aimachine/Desktop/projects/politico/routes/routes.js
FNF:0
FNH:0
DA:1,1
DA:2,1
DA:3,1
DA:5,1
DA:7,1
DA:8,1
LF:6
LH:6
BRF:0
BRH:0
end_of_record
TN:
SF:/home/aimachine/Desktop/projects/politico/routes/users.js
FNF:0
FNH:0
DA:1,1
DA:2,1
DA:4,1
DA:6,1
LF:4
LH:4
BRF:0
BRH:0
end_of_record
